# callgrind format
version: 1
creator: callgrind-3.15.0
pid: 2577934
cmd:  ./dhrystone
part: 1

desc: I1 cache:
desc: D1 cache:
desc: LL cache:

desc: Timerange:
desc: Trigger: Program termination

positions: line
events: Ir
summary:

ob=/work/git/isaac-toolkit/examples/standalone/coremark/sess/elf/coremark.elf
fl=src/core_main.c
fn=coremark_run
261 1
261 1
261 1
58 1
261 1
261 1
263 1
cob=/work/git/isaac-toolkit/examples/standalone/coremark/sess/elf/coremark.elf
cfi=src/core_portme.c
cfn=start_time
calls=1 0x126ac
263 29050077
58 1
62 1
62 1
64 1
66 1
66 1
66 1
66 1
cob=/work/git/isaac-toolkit/examples/standalone/coremark/sess/elf/coremark.elf
cfi=src/core_list_join.c
cfn=core_bench_list
calls=1 0x1055c
66 29050066
67 1
67 1
67 1
67 1
68 1
68 1
67 1
68 1
69 1
69 1
70 1
70 1
70 1
70 1
70 1
64 1
66 99
66 99
66 99
cob=/work/git/isaac-toolkit/examples/standalone/coremark/sess/elf/coremark.elf
cfi=src/core_list_join.c
cfn=core_bench_list
calls=99 0x1055c
66 1442018846
67 99
64 99
67 99
67 99
68 99
68 99
67 99
68 99
69 99
69 99
69 99
70 99
70 1
73 1
cob=/work/git/isaac-toolkit/examples/standalone/coremark/sess/elf/coremark.elf
cfi=src/core_portme.c
cfn=stop_time
calls=1 0x126c8
73 81971
283 1
283 1
283 1
283 1
283 1
283 1
283 1

fn=coremark_deinit
287 1
287 1
289 1
289 1
286 1
286 1
289 1
289 1
289 1
289 1
287 1
cob=/work/git/isaac-toolkit/examples/standalone/coremark/sess/elf/coremark.elf
cfi=src/core_portme.c
cfn=get_time
calls=1 0x126e4
287 81953
287 1
289 1
289 1
287 1
289 1
289 1
290 1
289 1
290 1
290 1
291 1
290 1
291 1
291 1
292 1
291 1
292 1
294 1
292 1
294 1
294 1
294 1
294 1
294 1
294 1
294 1
294 1
294 1
311 1
311 1
312 1
311 1
312 1
cob=/work/git/isaac-toolkit/examples/standalone/coremark/sess/elf/coremark.elf
cfi=???
cfn=puts
calls=1 0x13e50
312 81341
323 1
323 1
358 1
cob=/work/git/isaac-toolkit/examples/standalone/coremark/sess/elf/coremark.elf
cfi=src/core_util.c
cfn=check_data_types
calls=1 0x138c0
358 9371
358 1
360 1
360 1
358 1
360 1
358 1
360 1
361 1
361 1
361 1
361 1
369 1
369 1
369 1
369 1
369 1
369 1
370 1
370 1
370 1
382 1
382 1
382 1
382 1
382 1
382 1
cob=/work/git/isaac-toolkit/examples/standalone/coremark/sess/elf/coremark.elf
cfi=???
cfn=printf
calls=1 0x13d2c
382 948
384 1
384 1
384 1
384 1
384 1
385 1
385 1
385 1
385 1
385 1
389 1
389 1
389 1
389 1
389 1
391 1
391 1
391 1
391 1
392 1
393 1
392 1
392 1
393 1
393 1
393 1
393 1
394 1
394 1
394 1
394 1
394 1
394 1
394 1
cob=/work/git/isaac-toolkit/examples/standalone/coremark/sess/elf/coremark.elf
cfi=???
cfn=printf
calls=1 0x13d2c
394 1201
393 1
393 1
393 1
393 1
393 1
393 1
393 1
395 1
395 1
395 1
396 1
396 1
396 1
396 1
397 1
397 1
397 1
397 1
397 1
397 1
397 1
cob=/work/git/isaac-toolkit/examples/standalone/coremark/sess/elf/coremark.elf
cfi=???
cfn=printf
calls=1 0x13d2c
397 1201
396 1
396 1
396 1
396 1
396 1
396 1
396 1
398 1
398 1
398 1
399 1
399 1
399 1
399 1
400 1
400 1
400 1
400 1
400 1
400 1
400 1
cob=/work/git/isaac-toolkit/examples/standalone/coremark/sess/elf/coremark.elf
cfi=???
cfn=printf
calls=1 0x13d2c
400 1201
399 1
399 1
399 1
399 1
399 1
399 1
399 1
401 1
401 1
401 1
401 1
402 1
402 1
402 1
402 1
402 1
402 1
402 1
cob=/work/git/isaac-toolkit/examples/standalone/coremark/sess/elf/coremark.elf
cfi=???
cfn=printf
calls=1 0x13d2c
402 1201
401 1
401 1
401 1
401 1
401 1
401 1
401 1
403 1
403 1
441 1
441 1
cob=/work/git/isaac-toolkit/examples/standalone/coremark/sess/elf/coremark.elf
cfi=src/core_portme.c
cfn=portable_fini
calls=1 0x126a8
441 55
443 1
443 1
443 1
443 1
443 1
443 1
443 1
443 1
443 1
443 1
443 1
325 1
325 1
325 1
325 1
325 1
325 1
325 1
325 1
329 1
331 1
340 1
349 1
349 1
355 1
325 1
325 1
325 1
325 1
355 1
325 1
355 1
325 1
327 1
327 1
327 1
327 1
328 1
327 1
328 1
328 1
329 1
329 1
329 1
329 1
329 1
329 1
329 1
337 1
337 1
337 1
337 1
337 1
337 1
338 1
338 1
338 1
338 1
338 1
338 1
338 1
346 1
346 1
347 1
347 1
347 1
347 1
347 1
347 1
347 1
347 1
347 1
347 1
355 1
355 1
353 1
353 1
353 1
353 1
353 1
405 1
405 1
405 1
cob=/work/git/isaac-toolkit/examples/standalone/coremark/sess/elf/coremark.elf
cfi=???
cfn=puts
calls=1 0x13e50
405 617
429 1
429 1
431 1
371 1
371 1
372 1
373 1
372 1
373 1
cob=/work/git/isaac-toolkit/examples/standalone/coremark/sess/elf/coremark.elf
cfi=src/core_portme.c
cfn=time_in_secs
calls=1 0x126f4
373 731
373 1
371 1
371 1
371 1
371 1
375 1
371 1
375 1
375 1
375 1

fn=coremark_check
445 1
445 1
445 1
445 1
450 1
450 1
450 1
cob=/work/git/isaac-toolkit/examples/standalone/coremark/sess/elf/coremark.elf
cfi=???
cfn=__call_exitprocs
calls=1 0x14430
450 47

fn=coremark_init
115 1
115 1
114 1
121 1
121 1
121 1
121 1
114 1
114 1
115 1
116 1
123 1
123 1
123 1
129 1
128 1
129 1
129 1
130 1
129 1
130 1
130 1
131 1
130 1
131 1
131 1
135 1
131 1
135 1
136 1
138 1
141 1
141 1
141 1
142 1
142 1
156 1
158 1
156 1
157 1
157 1
195 1
196 1
195 1
199 1
199 1
199 1
198 1
199 1
198 1
206 1
209 1
209 1
209 1
208 1
208 1
204 1
204 1
213 1
213 1
215 1
215 1
217 1
217 1
217 1
217 1
cob=/work/git/isaac-toolkit/examples/standalone/coremark/sess/elf/coremark.elf
cfi=src/core_list_join.c
cfn=core_list_init
calls=1 0x10b40
217 29061044
220 1
217 1
220 1
220 1
220 1
220 1
220 1
220 1
220 1
222 1
224 1
222 1
222 1
225 1
222 1
222 1
222 1
222 1
cob=/work/git/isaac-toolkit/examples/standalone/coremark/sess/elf/coremark.elf
cfi=src/core_matrix.c
cfn=core_init_matrix
calls=1 0x12274
222 29055885
228 1
228 1
228 1
228 1
228 1
228 1
228 1
228 1
228 1
213 1
228 1
230 1
230 1
230 1
230 1
230 1
230 1
230 1
cob=/work/git/isaac-toolkit/examples/standalone/coremark/sess/elf/coremark.elf
cfi=src/core_state.c
cfn=core_init_state
calls=1 0x126f8
230 29054109
213 1
213 1
213 1
213 1
213 1
213 1
236 1
236 1
259 1
259 1
259 1
259 1
259 1
259 1
259 1
cob=/work/git/isaac-toolkit/examples/standalone/coremark/sess/elf/coremark.elf
cfi=src/core_main.c
cfn=coremark_run
calls=1 0x1166c
259 29050084
196 1
196 1
195 1
196 1
195 1
204 1
209 1
209 1
209 1
208 1
208 1
204 1
206 1
209 1
209 1
209 1
208 1
208 1
206 1
196 1
196 1
196 1
196 1
196 1
204 1
204 1

ob=/work/git/isaac-toolkit/examples/standalone/coremark/sess/elf/coremark.elf
fl=???
fn=_exit
0 1
0 1

fn=__sfp_lock_acquire
0 3
cob=/work/git/isaac-toolkit/examples/standalone/coremark/sess/elf/coremark.elf
cfi=???
cfn=__sfp_lock_release
calls=2 0x13bfc
0 129

fn=_start
0 1
0 1
0 1
0 1
0 1
0 1
0 1
0 1
0 1
0 1
0 1
0 1
0 1
0 1
cob=/work/git/isaac-toolkit/examples/standalone/coremark/sess/elf/coremark.elf
cfi=???
cfn=atexit
calls=1 0x14564
0 3626
0 1
0 1
0 1
0 1
0 1
0 1

fn=printf
0 14
0 14
0 14
0 14
0 14
0 14
0 14
0 14
0 14
0 14
0 14
0 14
0 14
0 14
0 14
0 14
cob=/work/git/isaac-toolkit/examples/standalone/coremark/sess/elf/coremark.elf
cfi=???
cfn=_vfprintf_r
calls=13 0x151b0
0 21350
0 14
0 14
0 14

fn=puts
0 2
0 2
0 2
cob=/work/git/isaac-toolkit/examples/standalone/coremark/sess/elf/coremark.elf
cfi=???
cfn=strlen
calls=2 0x143a4
0 81952

fn=global_stdio_init.part.0
0 1
0 1
0 1
0 1
0 1
0 1
0 1
0 1
0 1
0 1
0 1
0 1
0 1
0 1
0 1
0 1
0 1
0 1
0 1
0 1
0 1
0 1
0 1
0 1
0 1
0 1
0 1
0 1
0 1
0 1
0 1
0 1
0 1
0 1
0 1
0 1
0 1
0 1
0 1
0 1
0 1
0 1
0 1
0 1
0 1
0 1
0 1
0 1
0 1
0 1
0 1
0 1
0 1
0 1
0 1
0 1
0 1
0 1
0 1
0 1
0 1
0 1
0 1
0 1
0 1
0 1
0 1
0 1
0 1
0 1
0 1
0 1
0 1
0 1
0 1
0 1
0 1
0 1
0 1
0 1
0 1
0 1
0 1
0 1
0 1

fn=_fstat_r
0 1
0 1
0 1
0 1
0 1
0 1
0 1
0 1
0 1
0 1
cob=/work/git/isaac-toolkit/examples/standalone/coremark/sess/elf/coremark.elf
cfi=???
cfn=None
calls=1 0x80001e30
0 29083172
0 1
0 1
0 1
0 1
0 1
0 1
0 1

fn=memmove
0 51
0 37
0 37
0 51
0 51
0 35
0 46
0 46
0 51
0 51
0 210
0 210
0 210
0 210
0 210
0 51
0 16
0 16
0 16
0 16
0 11
0 11
0 11
0 11
0 11
0 15
0 15
0 15
0 15
0 15
0 15
0 15
0 15
0 15
0 15
0 15
0 11
0 11
0 11
0 11
0 11
0 11
0 11
0 11
0 11
0 3
0 3
0 3
0 3
0 3
0 4
0 4
0 4
0 4
0 4
0 3
0 3
0 3
0 3
0 3
0 5
0 5
0 5
0 8
0 8

fn=__sclose
0 3
0 3
cob=/work/git/isaac-toolkit/examples/standalone/coremark/sess/elf/coremark.elf
cfi=???
cfn=_close_r
calls=3 0x13fb4
0 39

fn=__sinit
0 1
0 1
0 1
0 1
0 1
0 1
0 1
0 1
cob=/work/git/isaac-toolkit/examples/standalone/coremark/sess/elf/coremark.elf
cfi=???
cfn=memset
calls=1 0x142c8
0 29090427

fn=_fstat
0 2
0 2
0 2
0 2
0 2
0 2
0 2
0 2
cob=/work/git/isaac-toolkit/examples/standalone/coremark/sess/elf/coremark.elf
cfi=???
cfn=None
calls=1 0x80001e30
0 29072650
0 2
0 2
0 2
0 2
0 2
cob=/work/git/isaac-toolkit/examples/standalone/coremark/sess/elf/coremark.elf
cfi=???
cfn=_conv_stat
calls=2 0x1fdc0
0 58144369
0 2
0 2
0 2
0 2
0 2
0 2

fn=register_fini
0 1
0 1
0 1

fn=None
0 1
0 1
0 1
0 1
0 1
0 1
0 1
0 1
0 1
0 1
0 1
0 1
0 1
0 1
0 1
0 1
0 1
0 1
0 1
0 1
0 1
0 1
0 1
0 1
0 1
0 1
0 1
0 1
0 1
0 1
0 1
0 1
0 1
0 1
0 1
0 1
0 1
0 1
0 1
0 1
0 1
0 1
0 1
0 1
0 1
0 1
0 1
0 1
0 1
0 1
0 1
0 1
0 1
0 1
0 1
0 1
0 1
0 1
0 1
0 1
0 1
0 1
0 1
0 1
0 1
0 1
0 1
0 1
0 1
0 1
0 1
0 1
0 1
0 1
0 1
0 1
0 1
0 1
0 1
0 1
0 1
0 1
0 1
0 1
0 1
0 1
0 1
0 1
0 1
0 1
0 1
0 1
0 1
0 1
0 1
0 1
0 1
0 1
0 1
0 1
0 1
0 1
0 1
0 1
0 1
0 1
0 1
0 1
0 1
0 1
0 1
0 1
0 1
0 1
0 1
0 1
0 1
0 2
0 2
0 2
0 2
0 1
0 1
0 1
0 1
0 1
0 1
0 1
0 1
0 1
0 1
0 1
0 1
0 1
0 1
0 1
0 1
0 1
0 1
0 1
0 1
0 1
0 1
0 1
0 1
0 1
0 1
0 1
0 1
0 1
0 1
0 1
0 1
0 1
0 1
0 1
0 1
0 1
0 1
0 1
0 1
0 1
0 1
0 1
0 1
0 1
0 1
0 1
0 1
0 1
0 1
0 1
0 1
0 1
0 1
0 1
0 1
0 1
0 1
0 1
0 1
0 1
0 1
0 1
0 1
0 1
0 1
0 1
0 1
0 1
0 1
0 1
0 1
0 1
0 1
0 1
0 1
0 1
0 1
0 1
0 1
0 1
0 1
0 1
0 1
0 1
0 1
0 1
0 1
0 1
0 1
0 1
0 1
0 1
0 1
0 1
0 1
0 1
0 1
0 1
0 1
0 1
0 1
0 7
0 1
0 7
0 1
0 7
0 1
0 8
0 8
0 8
0 8
0 8
0 8
0 1
0 1
0 1
0 1
0 1
0 1
0 1
0 1
0 1
0 1
0 1
0 1
0 1
0 1
0 1
0 1
0 1
0 1
0 1
0 1
0 1
0 1
0 1
0 1
0 1
0 1
0 1
0 1
0 1
0 1
0 1
0 1
0 1
0 1
0 1
0 1
0 1
0 1
0 1
0 1
0 1
0 1
0 1
0 1
0 1
0 1
0 1
0 1
0 1
0 1
0 1
0 1
0 1
0 1
0 2
0 2
0 2
0 2
0 2
0 19
0 19
0 19
0 19
0 19
0 19
0 1
0 1
0 1
0 1
0 1
0 1
0 3
0 3
0 3
0 3
0 6
0 3
0 3
0 3
0 3
0 3
0 3
0 3
0 3
0 3
0 3
0 3
0 3
0 6
0 6
0 6
0 3
0 3
0 6
0 3
0 3
0 3
0 3
0 1
0 17
0 17
0 17
0 17
0 17
0 17
0 17
0 17
0 17
0 17
0 17
0 17
0 17
0 17
0 17
0 17
0 1
0 1
0 1
0 1
0 1
0 1
0 1
0 1
0 1
0 1
0 1
0 3
0 4
0 1
0 1
0 1
0 1
0 1
0 1
0 1
0 1
0 1
0 1
0 1
0 1
0 1
0 1
0 1
0 1
0 1
0 1
0 1
0 1
0 1
0 1
0 1
0 1
0 1
0 1
0 1
0 1
0 1
0 1
0 1
0 1
0 1
0 3
0 3
0 3
0 3
0 3
0 3
0 3
0 3
0 3
0 3
0 3
0 3
0 3
0 3
0 3
0 3
0 3
0 3
0 3
0 3
0 3
0 3
0 3
0 3
0 3
0 3
0 3
0 3
0 3
0 3
0 3
0 3
0 3
0 3
0 3
0 3
0 3
0 3
0 17
0 17
0 17
0 17
0 17
0 17
0 17
0 17
0 17
0 17
0 17
0 17
0 17
0 17
0 17
0 17
0 17
0 15
0 15
0 15
0 15
0 15
0 15
0 15
0 15
0 15
0 15
0 15
0 15
0 15
0 15
0 15
0 15
0 41
0 41
0 41
0 41
0 41
0 41
0 41
0 41
0 41
0 41
0 41
0 41
0 41
0 41
0 41
0 41
0 41
0 41
0 41
0 41
0 41
0 41
0 41
0 41
0 41
0 41
0 41
0 41
0 41
0 41
0 41
0 41
0 41
0 41
0 41
0 40
0 40
0 40
0 40
0 40
0 40
0 1
0 1
0 1
0 1
0 1
0 1
0 1
0 1
0 1
0 1
0 1
0 1
0 1
0 1
0 1
0 1
0 1
0 1
0 1
0 1
0 1
0 1
0 1
0 1
0 1
0 1
0 1
0 1
0 1
0 1
0 1
0 1
0 1
0 1
0 1
0 1
0 1
0 1
0 1
0 1
0 1
0 1
0 1
0 1
0 1
0 1
0 1
0 1
0 1
0 1
0 1
0 1
0 1
0 1
0 1
0 4
0 4
0 4
0 4
0 4
0 2
0 2
0 2
0 2
0 2
0 2
0 2
0 2
0 1
0 2
0 2
0 2
0 2
0 2
0 2
0 2
0 2
0 2
0 2
0 2
0 2
0 2
0 2
0 2
0 2
0 2
0 2
0 2
0 2
0 2
0 2
0 2
0 2
0 2
0 1
0 1
0 1
0 1
0 1
0 1
0 1
0 1
0 1
0 1
0 1
0 1
0 1
0 1
0 1
0 1
0 1
0 1
0 1
0 1
0 1
0 1
0 1
0 1
0 1
0 4
0 4
0 4
0 4
0 4
0 4
0 4
0 4
0 4
0 4
0 4
0 4
0 4
0 4
0 4
0 4
0 4
0 4
0 4
0 4
0 4
0 4
0 4
0 4
0 4
0 4
0 4
0 4
0 4
0 4
0 4
0 4
0 4
0 24
0 24
0 24
0 24
0 24
0 24
0 24
0 24
0 24
0 24
0 24
0 24
0 24
0 24
0 24
0 24
0 24
0 24
0 24
0 24
0 24
0 24
0 24
0 24
0 24
0 48
0 48
0 48
0 48
0 48
0 48
0 24
0 24
0 24
0 24
0 24
0 24
0 24
0 24
0 24
0 24
0 24
0 24
0 24
0 24
0 24
0 24
0 24
0 24
0 24
0 24
0 24
0 18
0 18
0 18
0 18
0 18
0 18
0 18
0 18
0 18
0 18
0 18
0 18
0 18
0 18
0 18
0 18
0 18
0 18
0 18
0 18
0 18
0 18
0 18
0 18
0 18
0 18
0 18
0 18
0 15
0 12
0 12
0 12
0 12
0 6
0 12
0 6
0 12
0 6
0 12
0 6
0 12
0 6
0 12
0 6
0 12
0 6
0 12
0 3
0 2
0 2
0 2
0 2
0 18
0 18
0 18
0 18
0 18
0 18
0 18
0 18
0 18
0 18
0 15
0 15
0 15
0 15
0 15
0 15
0 15
0 15
0 15
0 15
0 15
0 18
0 18
0 18
0 18
0 18
0 18
0 18
0 3
0 3
0 1
0 3
0 3
0 3
0 3
0 3
0 15
0 3
0 15
0 3
0 15
0 3
0 15
0 3
0 18
0 18
0 18
0 18
0 18
0 18
0 3
0 4
0 4
0 4
0 4
0 1
0 1
0 18
0 14
0 14
0 14
0 14
0 13
0 2
0 2
0 2
0 4
0 2
0 2
0 4
0 4
0 17
0 17
0 17
0 17
0 17
0 17
0 17
0 17
0 17
0 17
0 17
0 17
0 17
0 17
0 5
0 5
0 5
0 5
0 5
0 5
0 5
0 5
0 5
0 5
0 5
0 5
0 5
0 5
0 5
0 5
0 5
0 5
0 5
0 5
0 5
0 5
0 5
0 5
0 5
0 5
0 5
0 5
0 5
0 5
0 5
0 5
0 5
0 5
0 5
0 5
0 5
0 5
0 5
0 5
0 5
0 4
0 4
0 4
0 4
0 2
0 2
0 2
0 2
0 2
0 2
0 2
0 5
0 5
0 5
0 5
0 5
0 5
0 2073
0 2073
0 2073
0 2073
0 2073
0 2073
0 2073
0 2073
0 2073
0 2073
0 2073
0 2073
0 2073
0 2073
0 2073
0 2073
0 5
0 5
0 5
0 5
0 5
0 1
0 1
0 1
0 1
0 1
0 5
0 5
0 5
0 5
0 5
0 5
0 5
0 5
0 5
0 5
0 5
0 3
0 3
0 3
0 3
0 3
0 3
0 3
0 3
0 3
0 3
0 3
0 3
0 3
0 1
0 1
0 1
0 1
0 1
0 1
0 1
0 1
0 144
0 1
0 144
0 1
0 1
0 1
0 1
0 1
0 3
0 3
0 3
0 3
0 3
0 3
0 3
0 2
0 2
0 2
0 2
0 2
0 2
0 2
0 2
0 2
0 3
0 3
0 3
0 1
0 1
0 1
0 1
0 1
0 1
0 3
0 3
0 3
0 3
0 3
0 3
0 3
0 3
0 3
0 3
0 3
0 3
0 3
0 3
0 1
0 1
0 1
0 1
0 1
0 1
0 1
0 1
0 1
0 1
0 1
0 1
0 1
0 1
0 1
0 1
0 1
0 1
0 1
0 1
0 22
0 22
0 22
0 22
0 22
0 22
0 22
0 22
0 22
0 22
0 22
0 22
0 22
0 22
0 22
0 22
0 22
0 22
0 22
0 1
0 1
0 1
0 1
0 1
0 1
0 1
0 1
0 1
0 1
0 1
0 1
0 1
0 1
0 1
0 1
0 1
0 1
0 1
0 1
0 1
0 1
0 1
0 1
0 1
0 1
0 1
0 1
0 1
0 1
0 1
0 1
0 1
0 1
0 1
0 1
0 1
0 1
0 1
0 1
0 1
0 1
0 1
0 1
0 1
0 1
0 1
0 1
0 1
0 1
0 1
0 512
0 512
0 512
0 512
0 512
0 512
0 1
0 1
0 1
0 1
0 1
0 1
0 1
0 1
0 1
0 1
0 1
0 1
0 2
0 2
0 2
0 2
0 2
0 2
0 2
0 2
0 2
0 2
0 2
0 2
0 2
0 2
0 2
0 2
0 2
0 24
0 24
0 24
0 24
0 24
0 24
0 24
0 24
0 24
0 24
0 24
0 24
0 24
0 24
0 24
0 24
0 24
0 15
0 15
0 15
0 15
0 15
0 15
0 15
0 15
0 15
0 15
0 15
0 15
0 15
0 15
0 15
0 15
0 15
0 41
0 41
0 1
0 41
0 41
0 41
0 41
0 41
0 41
0 41
0 41
0 41
0 41
0 41
0 41
0 41
0 41
0 41
0 41
0 41
0 41
0 41
0 41
0 41
0 41
0 41
0 41
0 40
0 40
0 39
0 39
0 2
0 39
0 2
0 39
0 2
0 39
0 2
0 39
0 2
0 39
0 2
0 39
0 2
0 39
0 2
0 39
0 2
0 39
0 2
0 39
0 2
0 39
0 2
0 39
0 2
0 39
0 2
0 39
0 2
0 39
0 2
0 39
0 2
0 39
0 2
0 39
0 2
0 39
0 2
0 39
0 2
0 39
0 2
0 39
0 2
0 39
0 2
0 39
0 2
0 39
0 2
0 39
0 2
0 39
0 2
0 39
0 2
0 39
0 2
0 39
0 2
0 39
0 2
cob=/work/git/isaac-toolkit/examples/standalone/coremark/sess/elf/coremark.elf
cfi=???
cfn=None
calls=4 0x80001e30
0 87256128
cob=/work/git/isaac-toolkit/examples/standalone/coremark/sess/elf/coremark.elf
cfi=src/core_util.c
cfn=get_seed_32
calls=1 0x12e00
0 29061156
cob=/work/git/isaac-toolkit/examples/standalone/coremark/sess/elf/coremark.elf
cfi=???
cfn=__sinit
calls=1 0x13bd4
0 29090435
cob=/work/git/isaac-toolkit/examples/standalone/coremark/sess/elf/coremark.elf
cfi=???
cfn=_localeconv_r
calls=1 0x19210
0 29097604
0 24
0 24
0 24
0 24
0 24
0 24
0 24
0 23
0 23
0 23
0 23
0 23
0 3
0 3
0 3
0 3
0 3
0 3
0 3
0 2
0 2
0 2
0 2
0 2
0 2
0 2
0 12
0 12
0 12
0 12
0 12
0 12
0 12
0 41
0 41
0 41
0 41
0 41
0 41
0 41
0 41
0 41
0 41
0 1
0 1
0 1
0 1
0 1
0 1
0 1
0 1
0 1
0 1
0 1
0 1
0 1
0 1
0 1
0 1
0 1
0 1
0 1
0 1
0 1
0 1
0 1
0 1
0 1
0 1
0 1
0 1
0 1
0 1
0 1
0 1
0 1
0 1
0 1
0 1
0 1
0 1
0 1
0 1
0 1
0 1
0 1
0 1
0 1
0 1
0 1
0 1
0 1
0 1
0 1
0 1
0 1
0 1
0 1
0 1
0 1
0 1
0 1
0 1
0 1
0 1
0 1
0 1
0 1
0 1
0 1
0 1
0 1
0 1
0 1
0 1
0 1
0 1
0 1
0 1
0 1
0 1
0 15
0 15
0 15
0 15
0 15
0 15
0 15
0 15
0 15
0 15
0 15
0 15
0 15
0 15
0 15
0 15
0 15
0 15
0 15
0 15
0 15
0 15
0 15
0 15
0 15
0 15
0 15
0 15
0 15
0 15
0 15
0 15
0 15
0 15
0 15
0 15
0 15
0 3
0 3
0 3
0 3
0 3
0 2
0 2
0 2
0 2
0 2
0 2
0 2
0 2
0 2
0 2
0 2
0 2
0 2
0 2
0 2
0 2
0 2
0 2
0 2
0 2
0 2
0 2
0 2
0 2
0 2
0 2
0 2
0 3
0 24
0 24
0 24
0 24
0 24
0 24
0 24
0 24
0 24
0 24
0 1
0 1
0 1
0 1
0 1
0 1
0 1
0 1
0 1
0 1
0 1
0 1
0 1
0 1
0 1
0 1
0 1
0 1
0 1
0 1
0 1
0 1
0 1
0 1
0 1
0 1
0 1
0 1
0 1
0 1
0 1
0 1
0 1
0 1
0 1
0 1
0 1
0 1
0 1
0 1
0 1
0 1
0 1
0 1
0 1
0 1
0 1
0 1
0 1
0 1
0 1
0 1
0 1
0 1
0 1
0 1
0 1
0 1
0 1
0 1
0 1
0 1
0 32
0 32
0 32
0 32
0 1
0 1
0 1
0 1
0 1
0 1
0 1
0 1
0 1
0 1
0 1
0 1
0 1
0 1
0 1
0 1
0 1
0 1
0 1
0 1
0 1
0 1
0 1
0 1
0 1
0 1
0 1
0 1
0 1
0 1
0 1
0 1
0 1
0 1
0 1
0 1
0 1
0 1
0 1
0 1
0 1
0 1
0 1
0 1
0 1
0 1
0 1
0 1
0 1
0 1
0 1
0 1
0 1
0 1
0 1
0 1
0 1
0 1
0 1
0 1
0 1
0 1
0 1
0 1
0 1
0 1
0 1
0 1
0 1
0 1
0 1
0 1
0 1
0 1
0 1
0 1
0 1
0 1
0 1
0 1
0 1
0 1
0 8
0 8
0 8
0 8
0 8
0 8
0 8
0 8
0 8
0 8
0 8
0 8
0 8
0 8
0 8
0 1
0 1
0 8
0 1
0 1
0 1
0 1
0 1
0 1
0 1
0 1
0 31
0 31
0 1
0 1
0 1
0 1
0 1
0 1
0 1
0 1
0 1
0 1
0 1
0 1
0 1
0 1
0 1
0 1
0 1
0 1
0 1
0 1
0 1
0 1
0 1
0 1
0 1
0 11
0 1
0 1
0 1
0 10
0 11
0 11
0 11
0 11
0 11
0 49
0 49
0 49
0 49
0 49
0 49
0 49
0 48
0 48
0 48
0 8
0 8
0 8
0 8
0 1
0 1
0 1
0 1
0 41
0 41
0 41
0 41
0 41
0 41
0 41
0 41
0 41
0 41
0 41
0 41
0 41
0 41
0 41
0 35385
0 41
0 35385
0 41
0 35385
0 41
0 40
0 40
0 40
0 40
0 40
0 40
0 40
0 40
0 40
0 40
0 40
0 41
0 1
0 1
0 1
0 1
0 1
0 1
0 1
0 1
0 1
0 1
0 1
0 1
0 1
0 11
0 11
0 11
0 11
0 49
0 49
0 49
0 49
0 49
0 49
0 49
0 49
0 49
0 49
0 49
0 49
0 49
0 44
0 44
0 44
0 8
0 8
0 8
0 8
0 5
0 5
0 5
0 5
0 5
0 5
0 8
0 8
0 1
0 1
0 1
0 1
0 1
0 1
0 1
0 1
0 1
0 1
0 1
0 1
0 1
0 11
0 1
0 1
0 1
0 1
0 1
0 10
0 1
0 1
0 1
0 1
0 1
0 1
0 1
0 1
0 1
0 1
0 1
0 1
0 1
0 1
0 1
0 1
0 1
0 1
0 1
0 1
0 1
0 1
0 1
0 1
0 1
0 1
0 1
0 1
0 1
0 1
0 1
0 1
0 1
0 11
0 11
0 11
0 11
0 11
0 11
0 11
0 11
0 49
0 49
0 49
0 49
0 49
0 49
0 49
0 49
0 48
0 48
0 48
0 48
0 43
0 43
0 43
0 43
0 42
0 42
0 42
0 42
0 42
0 42
0 42
0 42
0 42
0 42
0 42
0 42
0 2
0 2
0 2
0 2
0 5
0 5
0 5
0 5
0 5
0 5
0 8
0 8
0 8
0 8
0 8
0 1
0 1
0 42
0 1
0 42
0 1
0 42
0 1
0 1
0 1
0 1
0 1
0 1
0 1
0 7
0 7
0 7
0 7
0 7
0 1
0 1
0 1
0 1
0 1
0 1
0 1
0 1
0 1
0 1
0 1
0 1
0 1
0 11
0 11
0 11
0 11
0 49
0 49
0 49
0 49
0 49
0 49
0 49
0 49
0 49
0 8
0 8
0 8
0 8
0 8
0 8
0 44
0 44
0 44
0 8
0 8
0 8
0 8
0 8
0 41
0 8
0 41
0 8
0 41
0 8
0 49
0 5
0 5
0 5
0 5
0 5
0 5
0 1
0 1
0 1
0 1
0 1
0 1
0 1
0 1
0 1
0 1
0 1
0 1
0 1
0 11
0 11
0 11
0 11
0 49
0 49
0 49
0 49
0 49
0 49
0 49
0 49
0 49
0 49
0 49
0 49
0 49
0 44
0 44
0 44
0 8
0 8
0 8
0 8
0 5
0 5
0 5
0 5
0 5
0 5
0 8
0 8
0 1
0 1
0 1
0 1
0 1
0 1
0 1
0 1
0 1
0 1
0 1
0 1
0 1
0 1
0 1
0 1
0 1
0 1
0 1
0 1
0 1
0 1
0 1
0 1
0 1
0 1
0 1
0 1
0 1
0 1
0 1
0 1
0 1
0 1
0 1
0 1
0 1
0 1
0 1
0 1
0 1
0 1
0 1
0 1
0 1
0 1
0 1
0 1
0 1
0 1
0 1
0 1
0 1
0 1
0 1
0 1
0 1
0 1
0 1
0 1
0 1
0 1
0 1
0 1
0 1
0 1
0 1
0 1
0 1
0 1
0 1
0 1
0 1
0 1
0 1
0 1
0 1
0 1
0 1
0 11
0 11
0 11
0 11
0 11
0 10
0 10
0 11
0 10
0 9
0 1
0 1
0 2
0 2
0 11
0 11
0 11
0 11
0 11
0 11
0 11
0 11
0 11
0 11
0 11
0 1
0 10
0 1
0 1
0 49
0 49
0 49
0 49
0 49
0 49
0 49
0 49
0 49
0 2
0 2
0 2
0 2
0 1
0 44
0 44
0 44
0 48
0 48
0 48
0 48
0 5
0 5
0 5
0 5
0 5
0 11
0 11
0 11
0 11
0 11
0 11
0 11
0 1
0 10
0 1
0 10
0 1
0 10
0 120
0 120
0 120
0 120
0 120
0 120
0 120
0 120
0 120
0 120
0 120
0 120
0 120
0 120
0 120
0 120
0 120
0 120
0 600
0 120
0 600
0 120
0 600
0 120
0 600
0 120
0 600
0 120
0 600
0 120
0 600
0 120
0 600
0 120
0 230
0 220
0 110
0 110
0 110
0 70
0 70
0 63
0 63
0 110
0 110
0 10
0 10
0 10
0 10
0 110
0 10
0 110
0 10
0 110
0 10
0 110
0 10
0 110
0 10
0 110
0 10
0 110
0 110
0 50
0 40
0 36
0 36
0 110
0 110
0 110
0 110
0 110
0 110
0 110
0 110
0 110
0 110
0 110
0 110
0 22
0 22
0 22
0 110
0 110
0 490
0 490
0 490
0 490
0 490
0 490
0 490
0 490
0 490
0 490
0 490
0 490
0 490
0 490
0 490
0 490
0 490
0 490
0 490
0 490
0 490
0 490
0 490
0 490
0 490
0 490
0 50
0 50
0 50
0 50
0 50
0 50
0 50
0 50
0 440
0 50
0 440
0 50
0 440
0 50
0 490
0 30
0 30
0 30
0 30
0 30
0 30
0 30
0 30
0 30
0 30
0 30
0 460
0 30
0 460
0 30
0 460
0 30
0 460
0 30
0 460
0 30
0 460
0 30
0 490
0 490
0 11
0 11
0 11
0 11
0 11
0 11
0 11
0 11
0 11
0 11
0 11
0 11
0 11
0 11
0 11
0 1
0 1
0 1
0 1
0 1
0 1
0 1
0 1
0 1
0 1
0 1
0 1
0 1
0 1
0 1
0 1
0 1
0 1
0 1
0 1
0 1
0 1
0 1
0 1
0 1
0 1
0 1
0 1
0 1
0 1
0 1
0 1
0 1
0 1
0 1
0 1
0 1
0 1
0 1
0 1
0 1
0 1
0 1
0 1
0 1
0 1
0 1
0 1
0 1
0 10
0 11
0 11
0 11
0 11
0 11
0 1
0 1
0 1
0 1
0 1
0 1
0 1
0 1
0 1
0 1
0 1
0 1
0 1
0 1
0 1
0 1
0 1
0 1
0 1
0 1
0 1
0 1
0 1
0 1
0 1
0 1
0 1
0 1
0 1
0 1
0 1
0 1
0 1
0 2
0 2
0 2
0 2
0 2
0 2
0 2
0 2
0 2
0 2
0 2
0 1
0 1
0 1
0 1
0 1
0 11
0 11
0 11
0 2
0 2
0 2
0 2
0 2
0 2
0 2
0 2
0 2
0 2
0 1
0 1
0 1
0 1
0 1
0 1
0 1
0 1
0 1
0 1
0 1
0 1
0 1
0 1
0 1
0 1
0 1
0 1
0 1
0 1
0 1
0 11
0 11
0 11
0 10
0 10
0 1
0 1
0 1
0 1
0 2
0 1
0 1
0 1
0 1
0 1
0 1
0 1
0 1
0 1
0 1
0 1
0 1
0 1
0 1
0 1
0 1
0 1
0 1
0 1
0 11
0 11
0 11
0 1
0 1
0 1
0 1
0 1
0 1
0 1
0 1
0 1
0 1
0 1
0 1
0 1
0 1
0 1
0 1
0 1
0 1
0 1
0 1
0 1
0 1
0 1
0 1
0 1
0 1
0 1
0 1
0 1
0 1
0 1
0 1
0 1
0 1
0 1
0 1
0 1
0 1
0 1
0 1
0 1
0 1
0 1
0 1
0 1
0 1
0 1
0 1
0 1
0 1
0 1
0 1
0 1
0 1
0 1
0 1
0 1
0 1
0 1
0 1
0 1
0 1
0 1
0 1
0 1
0 1
0 1
0 1
0 1
0 1
0 1
0 1
0 1
0 10
0 49
0 49
0 49
0 49
0 49
0 49
0 49
0 49
0 49
0 8
0 8
0 8
0 8
0 8
0 8
0 8
0 8
0 8
0 8
0 8
0 8
0 9
0 9
0 9
0 9
0 1
0 1
0 1
0 1
0 1
0 1
0 7
0 7
0 41
0 7
0 41
0 7
0 41
0 7
0 48
0 43
0 43
0 43
0 43
0 2
0 2
0 2
0 43
0 43
0 43
0 5
0 5
0 5
0 5
0 5
0 5
0 5
0 5
0 5
0 5
0 9
0 9
0 9
0 9
0 9
0 9
0 9
0 9
0 9
0 5
0 5
0 5
0 5
0 5
0 49
0 49
0 49
0 49
0 49
0 49
0 49
0 49
0 49
0 8
0 8
0 8
0 8
0 8
0 8
0 8
0 8
0 8
0 8
0 8
0 8
0 9
0 9
0 9
0 9
0 1
0 1
0 1
0 1
0 1
0 1
0 7
0 7
0 41
0 7
0 41
0 7
0 41
0 7
0 48
0 43
0 43
0 43
0 43
0 2
0 2
0 2
0 42
0 42
0 42
0 5
0 5
0 5
0 5
0 5
0 5
0 5
0 5
0 5
0 5
0 9
0 9
0 9
0 9
0 9
0 9
0 9
0 9
0 9
0 5
0 5
0 5
0 5
0 5
0 41
0 41
0 41
0 41
0 1
0 1
0 1
0 1
0 1
0 1
0 1
0 1
0 1
0 1
0 1
0 1
0 1
0 1
0 49
0 2
0 2
0 2
0 2
0 2
0 2
0 2
0 2
0 2
0 2
0 2
0 2
0 2
0 2
0 2
0 2
0 47
0 49
0 49
0 49
0 49
0 49
0 49
0 49
0 49
0 2
0 2
0 2
0 2
0 1
0 1
0 1
0 1
0 1
0 1
0 1
0 1
0 1
0 1
0 48
0 48
0 48
0 48
0 2
0 2
0 2
0 2
0 44
0 2
0 44
0 2
0 44
0 2
0 46
0 46
0 46
0 46
0 44
0 44
0 44
0 44
0 2
0 2
0 2
0 2
0 2
0 2
0 2
0 2
0 2
0 2
0 2
0 2
0 2
0 2
0 2
0 2
0 2
0 2
0 2
0 2
0 2
0 2
0 2
0 2
0 2
0 2
0 42
0 42
0 42
0 42
0 5
0 5
0 5
0 5
0 5
0 5
0 5
0 9
0 9
0 9
0 9
0 9
0 9
0 9
0 5
0 5
0 10
0 10
0 10
0 10
0 10
0 10
0 10
0 10
0 10
0 10
0 10
0 10
0 10
0 10
0 10
0 10
0 10
0 10
0 10
0 10
0 10
0 10
0 10
0 10
0 10
0 10
0 10
0 10
0 10
0 10
0 10
0 10
0 10
0 10
0 20
0 20
0 20
0 20
0 20
0 20
0 20
0 20
0 20
0 20
0 16
0 20
0 16
0 20
0 16
0 20
0 16
0 20
0 16
0 20
0 16
0 20
0 16
0 20
0 16
0 20
0 16
0 20
0 20
0 20
0 20
0 20
0 3
0 3
0 3
0 3
0 3
0 3
0 3
0 3
0 3
0 3
0 3
0 3
0 39
0 39
0 39
0 39
0 39
0 39
0 39
0 42
0 42
0 42
0 42
0 44
0 44
0 44
0 44
0 2
0 2
0 2
0 2
0 37
0 37
0 37
0 37
0 37
0 1
0 1
0 1
0 1
0 1
0 1
0 1
0 1
0 1
0 1
0 1
0 1
0 1
0 1
0 1
0 1
0 1
0 1
0 1
0 1
0 1
0 1
0 1
0 1
0 1
0 1
0 1
0 1
0 1
0 1
0 1
0 1
0 1
0 1
0 1
0 1
0 1
0 1
0 1
0 1
0 1
0 1
0 1
0 1
0 1
0 1
0 1
0 1
0 1
0 1
0 1
0 1
0 1
0 1
0 1
0 1
0 1
0 1
0 1
0 1
0 1
0 1
0 1
0 1
0 1
0 1
0 1
0 1
0 1
0 1
0 1
0 1
0 1
0 1
0 1
0 1
0 1
0 1
0 1
0 1
0 1
0 1
0 1
0 1
0 1
0 1
0 1
0 1
0 1
0 1
0 1
0 1
0 1
0 1
0 1
0 1
0 1
0 4
0 4
0 4
0 4
0 4
0 4
0 4
0 4
0 4
0 4
0 4
0 4
0 4
0 4
0 46
0 9
0 9
0 9
0 9
0 9
0 9
0 50
0 4
0 3
0 3
0 3
0 6
0 6
0 6
0 6
0 3
0 3
0 3
0 6
0 6
0 6
0 6
0 6
0 6
0 6
0 6
0 6
0 6
0 6
0 6
0 6
0 6
0 6
0 6
0 6
0 6
0 6
0 6
0 6
0 6
0 3
0 3
0 3
0 19
0 19
0 19
0 19
0 19
0 19
0 19
0 19
0 19
0 19
0 19
0 19
0 19
0 19
0 19
0 19
0 19
0 19
0 19
0 19
0 19
0 19
0 19
0 19
0 19
0 19
0 19
0 19
0 19
0 19
0 19
0 3
0 3
0 3
0 3
0 3
0 3
0 3
0 3
0 3
0 3
0 3
0 3
0 3
0 3
0 3
0 3
0 3
0 3
0 3
0 3
0 3
0 3
0 3
0 3
0 25
0 25
0 25
0 25
0 25
0 25
0 25
0 25
0 25
0 25
0 25
0 25
0 25
0 25
0 25
0 25
0 25
0 25
0 25
0 25
0 25
0 25
0 25
0 25
0 25
0 25
0 25
0 25
0 25
0 25
0 25
0 25
0 25
0 25
0 25
0 25
0 25
0 25
0 25
0 25
0 25
0 25
0 25
0 25
0 25
0 25
0 25
0 25
0 25
0 25
0 25
0 25
0 25
0 25
0 25
0 25
0 25
0 25
0 25
0 25
0 41
0 35
0 35
0 35
0 35
0 35
0 35
0 6
0 6
0 4
0 4
0 4
0 4
0 4
0 4
0 6
0 3
0 3
0 3
0 6
0 6
0 6
0 6
0 6
0 6
0 6
0 6
0 3
0 3
0 3
0 3
0 3
0 39
0 39
0 38
0 38
0 38
0 323
0 323
0 1
0 322
0 1
0 38
0 38
0 38
0 38
0 38
0 38
0 28
0 1
0 1
0 1
0 41
0 41
0 41
0 41
0 11
0 73
0 73
0 73
0 1
0 73
0 73
0 73
0 73
0 73
0 72
0 25950
0 72
0 25950
0 72
0 72
0 170
0 170
0 160
0 1585
0 160
0 1585
0 160
0 160
0 160
0 10
0 4815
0 4815
0 4815
0 4815
0 4609
0 2334
0 2334
0 206
0 3
0 3
0 3
0 3
0 3
0 3
0 3
0 3
0 3
0 3
0 3
0 3
0 3
0 3
0 3
0 3
0 3
0 3
0 3
0 3
0 3
0 3
0 3
0 3
0 3
0 3
0 3
0 3
0 3
0 3
0 3
0 3
0 3
0 3
0 3
0 3
0 3
0 3
0 3
0 3
0 3
0 3
0 2
0 2
0 2
0 2
0 2
0 2
0 2
0 2
0 2
0 2
0 2
0 2
0 2
0 2
0 2
0 2
0 2
0 2
0 2
0 2
0 2
0 2
0 2
0 2
0 2
0 2
0 2
0 2
0 2
0 2
0 2
0 2
0 2
0 2
0 2
0 2

fn=__call_exitprocs
0 1
0 1
0 1
0 1
0 1
0 1
0 1
0 1
0 1
0 1
0 1
0 1
0 1
0 1
0 1
0 1
0 1
0 1
0 1
0 1
0 1
0 1
0 1
0 1
0 1
0 1
0 1
0 1
0 1
0 1
0 1
0 1
0 1
0 1
0 1
0 1
0 1
0 1
0 1
0 1
0 1
0 1
0 1
0 1
0 1
0 1
cob=/work/git/isaac-toolkit/examples/standalone/coremark/sess/elf/coremark.elf
cfi=???
cfn=__libc_fini_array
calls=1 0x1927c
0 11
0 1
0 1
0 1
0 1
0 1
0 1
0 1
0 1
0 1
0 1

fn=_fwalk_sglue
0 1
0 1
0 1
0 1
0 1
0 1
0 1
0 1
0 1
0 1
0 1
0 1
0 1
0 1
0 1
0 1
0 1
0 1
0 1
0 1
0 3
0 3
0 3
0 3
0 3
0 3
0 3
cob=/work/git/isaac-toolkit/examples/standalone/coremark/sess/elf/coremark.elf
cfi=???
cfn=_fclose_r
calls=3 0x185dc
0 166
0 3
0 3
0 3
0 3
0 1
0 1
0 1
0 1
0 1
0 1
0 1
0 1
0 1
0 1
0 1
0 1
0 1
0 1

fn=__sprint_r
0 31
0 31
0 31
0 31
0 31
0 31
0 31
cob=/work/git/isaac-toolkit/examples/standalone/coremark/sess/elf/coremark.elf
cfi=???
cfn=__sfvwrite_r
calls=31 0x18a2c
0 29080550
0 31
0 31
0 31
0 31
0 31
0 31

fn=_fclose_r
0 3
0 3
0 3
0 3
0 3
0 3
0 3
0 3
0 3
0 3
0 3
0 3
0 3
0 3
0 3
0 3
cob=/work/git/isaac-toolkit/examples/standalone/coremark/sess/elf/coremark.elf
cfi=???
cfn=__sflush_r
calls=3 0x186f0
0 133
0 3
0 3
0 3
0 3
0 3
0 3
cob=/work/git/isaac-toolkit/examples/standalone/coremark/sess/elf/coremark.elf
cfi=???
cfn=__sclose
calls=3 0x13fac
0 45
0 3
0 3
0 3
0 3
0 3
0 3
0 3
0 3
0 3
cob=/work/git/isaac-toolkit/examples/standalone/coremark/sess/elf/coremark.elf
cfi=???
cfn=__sfp_lock_acquire
calls=2 0x13bf8
0 131
0 3
0 3
0 3
0 3
0 3
0 3
0 3
0 3
0 3
0 1
0 1
0 1
cob=/work/git/isaac-toolkit/examples/standalone/coremark/sess/elf/coremark.elf
cfi=???
cfn=_free_r
calls=1 0x146b0
0 89
0 1

fn=__sfvwrite_r
0 33
0 33
0 33
0 33
0 33
0 33
0 33
0 33
0 33
0 33
0 33
0 33
0 33
0 33
0 33
0 33
0 33
0 33
0 33
0 33
0 33
0 33
0 33
0 33
0 33
0 33
0 33
0 33
0 33
0 33
0 33
0 33
0 33
0 33
0 33
0 33
0 33
0 33
0 33
0 33
0 33
0 51
0 15
0 51
0 51
0 51
0 51
0 51
0 51
0 36
0 36
0 36
0 51
0 51
0 51
0 51
0 51
0 51
0 51
0 51
0 51
0 51
0 33
0 33
0 33
0 51
0 51
0 51
0 51
0 51
0 51
0 51
0 51
0 51
cob=/work/git/isaac-toolkit/examples/standalone/coremark/sess/elf/coremark.elf
cfi=???
cfn=memchr
calls=51 0x19098
0 29248875
0 51
0 15
0 15
0 15
0 15
0 15
0 15
cob=/work/git/isaac-toolkit/examples/standalone/coremark/sess/elf/coremark.elf
cfi=???
cfn=_fflush_r
calls=15 0x18948
0 81337
0 15
0 51
0 51
0 51
cob=/work/git/isaac-toolkit/examples/standalone/coremark/sess/elf/coremark.elf
cfi=???
cfn=memmove
calls=51 0x192d8
0 29245918
0 51
0 51
0 51
0 51
0 51
0 51
0 51
0 51
0 36
0 36
0 36

fn=__libc_init_array
0 1
0 1
0 1
0 1
0 1
0 1
0 1
0 1
0 1
0 1
0 1
0 1
0 1
0 1
0 1
0 1
0 1
0 1
0 1
0 1
0 2
0 2
0 2
0 2
cob=/work/git/isaac-toolkit/examples/standalone/coremark/sess/elf/coremark.elf
cfi=???
cfn=register_fini
calls=1 0x10114
0 6
0 2
0 1
0 1
0 1
0 1
0 1
0 1
cob=/work/git/isaac-toolkit/examples/standalone/coremark/sess/elf/coremark.elf
cfi=src/main.c
cfn=main
calls=1 0x100e0
0 29104763

fn=_isatty_r
0 1
0 1
0 1
0 1
0 1
0 1
0 1
0 1
cob=/work/git/isaac-toolkit/examples/standalone/coremark/sess/elf/coremark.elf
cfi=???
cfn=_isatty
calls=1 0x1fc18
0 29072662
0 1
0 1
0 1
0 1
0 1
0 1
0 1

fn=memchr
0 51
0 51
0 51
0 51
0 51
0 24
0 24
0 28
0 28
0 15
0 4
0 28
0 28
0 28
0 36
0 36
0 11
0 11
0 11
0 38
0 38
0 25
0 25
0 25
0 25
0 25
0 25
0 25
0 25
0 25
0 25
0 97
0 97
0 97
0 97
0 97
0 97
0 97
0 97
0 97
0 97
0 38
0 23
0 23
0 48
0 48
0 50
0 50
0 2
0 13
0 13

fn=__swrite
0 15
0 15
0 15
0 15
0 15
0 15
0 15
0 15
0 15
0 15
0 15
0 15
0 15
cob=/work/git/isaac-toolkit/examples/standalone/coremark/sess/elf/coremark.elf
cfi=???
cfn=_write
calls=1 0x1fd7c
0 13295
0 15
0 15
0 15
0 15
0 15
0 15
0 15
0 15
0 15
0 15
0 15
0 15
0 15
0 15
0 15
cob=/work/git/isaac-toolkit/examples/standalone/coremark/sess/elf/coremark.elf
cfi=???
cfn=_write
calls=14 0x1fd7c
0 67157

fn=crc16
0 13404
0 13404
0 13404
0 13404
0 13404
0 13404
0 13404
0 13404
0 13404
0 13404
0 13404
0 13404
0 13404
0 13404
0 13404
0 13404
0 13404
0 13404
0 13404
0 13404
0 13404
0 13404
0 13404
0 13404
0 13404
0 13404
0 13404
0 13404
0 13404
0 13404
0 13404
0 13404
0 13404
0 13404
0 13404
0 13404
0 13404
0 13404
0 13404
0 13404
0 13404
0 13404
0 13404
0 13404
0 13404
0 13404
0 13404
0 13404
0 13404
0 13404
0 13404
0 13404
0 13404
0 13404
0 13404
0 13404
0 13404
0 13404
0 13404
0 13404
0 13404
0 13404
0 13404
0 13404
0 13404
0 13404
0 13404
0 13404
0 13404
0 13404
0 13404
0 13404
0 13404
0 13404
0 13404
0 13404
0 13404
0 13404
0 13404
0 13404
0 13404
0 13404
0 13404
0 13404
0 13404
0 13404
0 13404
0 13404
0 13404
0 13404
0 13404
0 13404
0 13404
0 13404
0 13404
0 13404
0 13404
0 13404
0 13404
0 13404
0 13404
0 13404
0 13404
0 13404
0 13404
0 13404
0 13404
0 13404
0 13404
0 13404
0 13404
0 13404
0 13404
0 13404
0 13404
0 13404
0 13404
0 13404
0 13404
0 13404
0 13404
0 13404
0 13404
0 13404
0 13404
0 13404
0 13404
0 13404
0 13404
0 13404
0 13404
0 13404
0 13404
0 13404
0 13404
0 13404
0 13404
0 13404
0 13404
0 13404
0 13404
0 13404
0 13404
0 13404
0 13404
0 13404
0 13404
0 13404
0 13404
cob=/work/git/isaac-toolkit/examples/standalone/coremark/sess/elf/coremark.elf
cfi=???
cfn=crc16
calls=3 0x1366c
0 244953

fn=__register_exitproc
0 1
0 1
0 1
0 1
0 1
0 1
0 1
0 1
0 1
0 1
0 1
0 1
0 1
cob=/work/git/isaac-toolkit/examples/standalone/coremark/sess/elf/coremark.elf
cfi=???
cfn=__libc_init_array
calls=1 0x1422c
0 30
0 1
0 1
0 1
0 1
0 1

fn=_write_r
0 15
0 15
0 15
0 15
0 15
0 15
0 15
0 15
0 15
0 15
0 15
0 15
0 15
0 15
0 15
0 15
0 15
0 15

fn=__sfp_lock_release
0 3

fn=_free_r
0 1
0 1
0 1
0 1
0 1
0 1
0 1
0 1
cob=/work/git/isaac-toolkit/examples/standalone/coremark/sess/elf/coremark.elf
cfi=???
cfn=__malloc_lock
calls=1 0x151a8
0 81
0 1
0 1
0 1
0 1
0 1
0 1
0 1
0 1
0 1
0 1
0 1
0 1
0 1
0 1
0 1
0 1
0 1
0 1
0 1
0 1
0 1
0 1
0 1
0 1

fn=_sbrk
0 2
0 2
0 2
0 2
0 2
0 1
0 1
0 1
cob=/work/git/isaac-toolkit/examples/standalone/coremark/sess/elf/coremark.elf
cfi=???
cfn=None
calls=1 0x80001e30
0 29075534
0 1
0 1
0 1
0 1
0 2
0 2
0 2
cob=/work/git/isaac-toolkit/examples/standalone/coremark/sess/elf/coremark.elf
cfi=???
cfn=None
calls=2 0x80001e30
0 58150553
0 2
0 2
0 2
0 2
0 2
0 2
0 2
0 2

fn=exit
0 1
0 1
0 1
0 1
0 1
0 1
0 1
0 1
0 1
cob=/work/git/isaac-toolkit/examples/standalone/coremark/sess/elf/coremark.elf
cfi=???
cfn=stdio_exit_handler
calls=1 0x138d0
0 85
0 1
0 1

fn=_localeconv_r
0 14
0 14
cob=/work/git/isaac-toolkit/examples/standalone/coremark/sess/elf/coremark.elf
cfi=???
cfn=strlen
calls=14 0x143a4
0 29118796

fn=strlen
0 19
0 19
0 19
0 19
0 19
0 19
0 52
0 51
0 51
0 51
0 51
0 51
0 51
0 19
0 19
0 19
0 18
0 18
0 4
0 4
0 4
0 4
0 4
0 14
0 14
0 1
0 1

fn=__malloc_lock
0 2

fn=_write
0 15
0 15
0 15
0 15
0 15
cob=/work/git/isaac-toolkit/examples/standalone/coremark/sess/elf/coremark.elf
cfi=???
cfn=None
calls=15 0x80001e30
0 80377
0 15
0 15
0 15
0 15
0 15
0 15
0 15

fn=_close
0 3
0 3
0 3
0 3
0 3
0 3
0 3
0 3
0 3
0 3
0 3
0 3

fn=_puts_r
0 2
0 2
0 2
0 2
0 2
0 2
0 2
0 2
0 2
0 2
0 2
0 2
0 2
0 2
0 2
0 2
0 2
0 2
0 2
0 2
0 2
0 2
0 2
0 2
0 2
0 2
0 2
0 2
0 2
0 2
0 2
0 2
cob=/work/git/isaac-toolkit/examples/standalone/coremark/sess/elf/coremark.elf
cfi=???
cfn=__sfvwrite_r
calls=2 0x18a2c
0 81697
0 2
0 2
0 2
0 2
0 2
0 2
0 2
0 2
0 2

fn=__malloc_unlock
0 2

fn=__libc_fini_array
0 1
0 1
0 1
0 1
0 1
0 1
0 1
0 1
0 1
0 1
0 1
0 1
0 1
0 1
0 1
0 1
0 1
0 1
0 1
0 1
0 1
0 1
0 1

fn=__sflush_r
0 18
0 18
0 18
0 18
0 18
0 18
0 18
0 18
0 18
0 2
0 2
0 2
0 2
0 2
0 2
0 18
0 18
0 18
0 18
0 18
0 18
0 16
0 16
0 16
0 16
0 16
0 16
0 16
0 16
0 16
0 16
0 16
0 16
0 1
0 15
0 15
0 15
0 15
0 15
0 15
0 15
0 15
cob=/work/git/isaac-toolkit/examples/standalone/coremark/sess/elf/coremark.elf
cfi=???
cfn=__swrite
calls=1 0x13ec0
0 80857
0 15
0 15
0 2
0 2
0 2
0 16
0 16
0 16

fn=_isatty
0 1
0 1
0 1
0 1
cob=/work/git/isaac-toolkit/examples/standalone/coremark/sess/elf/coremark.elf
cfi=???
cfn=_fstat
calls=1 0x1fbb0
0 29072658
0 1
0 1
0 1
0 1
0 1
0 1
0 1
0 1

fn=_conv_stat
0 2
0 2
0 2
0 2
0 2
0 2
0 2
0 2
0 2
0 2
0 2
0 2
0 2
0 2
0 2
0 2
0 2
0 2
0 2
0 2
0 2
0 2
0 2
0 2
0 2
0 2
0 2
0 2
0 2
0 2
0 2
0 2
0 2
0 2
0 2
0 2
0 2
0 2
0 2

fn=_vfprintf_r
0 14
0 14
0 14
0 14
0 14
0 14
0 14
0 14
0 14
0 14
cob=/work/git/isaac-toolkit/examples/standalone/coremark/sess/elf/coremark.elf
cfi=???
cfn=_localeconv_r
calls=13 0x19210
0 21220
0 14
0 14
0 14
0 14
0 14
0 14
0 14
0 14
0 14
0 14
0 14
0 14
0 14
0 1
0 14
0 14
0 14
0 14
0 14
0 1
0 1
0 1
0 1
0 1
0 1
0 1
0 1
0 14
0 14
0 14
0 14
0 13
0 13
0 13
0 14
0 14
0 14
0 14
0 14
0 14
0 14
0 14
0 14
0 14
0 14
0 14
0 14
0 14
0 14
0 14
0 14
0 14
0 14
0 14
0 14
0 14
0 14
0 14
0 14
0 14
0 14
0 31
0 295
0 278
0 278
0 278
0 14
0 14
0 31
0 31
0 31
0 31
0 31
0 31
0 31
0 31
0 31
0 31
0 31
0 31
0 31
0 31
0 31
0 31
0 17
0 17
0 17
0 17
0 17
0 17
0 17
0 17
0 17
0 25
0 25
0 25
0 30
0 30
0 30
0 30
0 31
0 30
0 5
0 5
0 5
0 5
0 5
0 5
0 5
0 5
0 5
0 5
0 5
0 5
0 5
0 14
0 14
0 14
0 14
0 5
0 5
0 5
0 5
0 5
0 5
0 17
0 17
0 17
0 17
0 17
0 17
0 17
0 17
0 17
0 17
0 17
0 17
0 17
0 17
0 17
0 11
0 17
0 17
0 17
0 17
0 17
0 17
0 17
0 17
0 17
0 17
0 17
0 14
0 14
0 14
0 14
0 14
0 14
0 14
cob=/work/git/isaac-toolkit/examples/standalone/coremark/sess/elf/coremark.elf
cfi=???
cfn=__sprint_r
calls=14 0x18590
0 29070249
0 14
0 1
0 1
0 1
0 1
cob=/work/git/isaac-toolkit/examples/standalone/coremark/sess/elf/coremark.elf
cfi=???
cfn=None
calls=1 0x80001e30
0 29090355
0 1
0 1
0 1
0 1
0 1
0 1
0 17
0 17
0 13
0 13
0 3
0 3
0 3
0 3
0 3
0 3
0 3
0 3
0 3
0 3
0 3
0 3
0 3
0 3
0 3
0 3
0 3
0 3
0 3
0 12
0 12
0 12
0 12
0 12
0 12
0 6
0 6
0 6
0 6
0 6
0 6
0 6
0 6
0 6
0 6
0 6
0 6
0 6
0 6
0 6
0 9
0 9
0 5
0 5
0 5
0 5
0 5
0 5
0 5
0 5
0 5
0 9
0 9
0 9
0 9
0 9
0 9
0 3
0 3
0 3
0 3
0 3
0 3
0 4
0 4
0 4
0 4
0 4
0 4
0 4
0 4
0 4
0 4
0 4
0 22
0 22
0 22
0 22
0 22
0 22
0 22
0 22
0 22
0 22
0 22
0 22
0 22
0 22
0 22
0 22
0 22
0 22
0 22
0 22
0 22
0 22
0 22
0 22
0 22
0 22
0 22
0 22
0 22
0 22
0 22
0 22
0 22
0 22
0 22
0 22
0 22
0 22
0 22
0 22
0 22
0 22
0 22
0 22
0 22
0 22
0 22
0 22
0 22
0 22
0 22
0 22
0 22
0 3
0 3
0 3
0 3
0 3
0 3
0 3
0 3
0 3
0 5
0 5
0 5
0 5
0 5
0 17
0 17
0 17
0 17
0 17
cob=/work/git/isaac-toolkit/examples/standalone/coremark/sess/elf/coremark.elf
cfi=???
cfn=__sprint_r
calls=17 0x18590
0 10518
0 17
0 17
0 14
0 14
0 14
0 14
0 14
0 14
0 14
0 14
0 14
0 14
0 14
0 14
0 14
0 14
0 14
0 14
0 14
0 14
0 14
cob=/work/git/isaac-toolkit/examples/standalone/coremark/sess/elf/coremark.elf
cfi=???
cfn=printf
calls=5 0x13d2c
0 4463
cob=/work/git/isaac-toolkit/examples/standalone/coremark/sess/elf/coremark.elf
cfi=src/core_portme.c
cfn=time_in_secs
calls=3 0x126f4
0 2938
cob=/work/git/isaac-toolkit/examples/standalone/coremark/sess/elf/coremark.elf
cfi=???
cfn=None
calls=1 0x80001e30
0 29068310
0 3
0 3
0 3
0 3
0 3
0 3
0 5
0 15
0 15
0 15
0 15
0 15
0 15
0 15
0 15
0 15
0 15
0 15
0 5
0 5
0 5
0 5
0 5
0 5
0 5
0 5
0 5
0 5
0 5
0 5
0 5
0 5
0 5
0 5
0 5
0 5
0 5
0 5
0 5
0 5
0 5
0 5
0 5
0 5
0 5
0 5
0 3
0 3
0 3
0 3
0 3
cob=/work/git/isaac-toolkit/examples/standalone/coremark/sess/elf/coremark.elf
cfi=???
cfn=strlen
calls=3 0x143a4
0 1705
0 3
0 3
0 3
0 3
0 3
0 3
0 3
0 3
0 3
0 3
0 5
0 5
0 5
0 5
0 5
0 5
0 5
0 5
0 5
0 5
0 5
0 5
0 5
0 5
0 5
0 5
0 5
0 5
0 5
0 5
0 4
0 4
0 4
0 4
0 4
0 4
0 4
0 4
0 4
0 4
0 1
0 1
0 1
0 1
0 6
0 6
0 3
0 3
0 3
0 6
0 6
0 6
0 6
0 22
0 22
0 18
0 4
0 3
0 3

fn=stdio_exit_handler
0 1
0 1
0 1
0 1
0 1
0 1
0 1
cob=/work/git/isaac-toolkit/examples/standalone/coremark/sess/elf/coremark.elf
cfi=???
cfn=_fwalk_sglue
calls=1 0x13c30
0 78

fn=memset
0 5
0 5
0 5
0 1
0 1
0 1
0 1
0 1
0 1
0 183
0 182
0 182
0 182
0 182
0 182
0 1
0 5
0 5
0 5
0 5
0 5
0 5
0 5
0 6
0 6
0 6
0 6
0 6
0 6
0 6
cob=/work/git/isaac-toolkit/examples/standalone/coremark/sess/elf/coremark.elf
cfi=???
cfn=memset
calls=2 0x142c8
0 58180803
0 1
0 1
0 1
0 1
0 1
0 1
0 1
0 1
0 1
0 1
0 1

fn=atexit
0 1
0 1
0 1
0 1
0 1

fn=_malloc_r
0 1
0 1
0 1
0 1
0 1
0 1
0 1
0 1
0 1
0 1
0 1
0 1
0 1
0 1
cob=/work/git/isaac-toolkit/examples/standalone/coremark/sess/elf/coremark.elf
cfi=???
cfn=__malloc_lock
calls=1 0x151a8
0 29075595
0 1
0 1
0 1
0 1
0 1
0 1
0 1
0 1
0 1
0 1
0 1
0 1
0 1
0 1
0 1
0 1
0 1
0 1
0 1
0 1
0 1
0 1
0 1
0 1
0 1
0 1
0 1
0 1
0 1
0 1
0 1
0 1
0 1
0 1
0 1
0 1
0 1
0 1
0 1
0 1
0 1
0 1
cob=/work/git/isaac-toolkit/examples/standalone/coremark/sess/elf/coremark.elf
cfi=???
cfn=_sbrk_r
calls=1 0x19220
0 29075550
0 1
0 1
0 1
0 1
0 1
0 1
0 1
0 1
0 1
0 1
0 1
0 1
0 1
0 1
0 1
0 1
0 1
0 1
0 1
0 1
0 1
0 1
0 2
0 1
0 1
0 1
0 1
0 1
0 1
0 1
0 1
0 1
0 1
0 1
0 1
0 1
0 1
0 1
0 1
0 1
0 1
0 1
0 1
0 1
0 1
0 1
0 1
0 1
0 1
0 1
0 1
0 1
0 1
cob=/work/git/isaac-toolkit/examples/standalone/coremark/sess/elf/coremark.elf
cfi=???
cfn=__malloc_unlock
calls=1 0x151ac
0 29072684
0 1
0 1
0 1
0 1
0 1
0 1
0 1
0 1
0 1
0 1
0 1
0 1
0 1
0 1
0 1
0 1
0 1
0 1
cob=/work/git/isaac-toolkit/examples/standalone/coremark/sess/elf/coremark.elf
cfi=???
cfn=_sbrk_r
calls=1 0x19220
0 29075157
0 1
0 1
0 1
0 1

fn=crcu16
0 3000
0 3000
0 3000
0 3000
0 3000
0 3000
0 3000
0 3000
0 3000
0 3000
0 3000
0 3000
0 3000
0 3000
0 3000
0 3000
0 3000
0 3000
0 3000
0 3000
0 3000
0 3000
0 3000
0 3000
0 3000
0 3000
0 3000
0 3000
0 3000
0 3000
0 3000
0 3000
0 3000
0 3000
0 3000
0 3000
0 3000
0 3000
0 3000
0 3000
0 3000
0 3000
0 3000
0 3000
0 3000
0 3000
0 3000
0 3000
0 3000
0 3000
0 3000
0 3000
0 3000
0 3000
0 3000
0 3000
0 3000
0 3000
0 3000
0 3000
0 3000
0 3000
0 3000
0 3000
0 3000
0 3000
0 3000
0 3000
0 3000
0 3000
0 3000
0 3000
0 3000
0 3000
0 3000
0 3000
0 3000
0 3000
0 3000
0 3000
0 3000
0 3000
0 3000
0 3000
0 3000
0 3000
0 3000
0 3000
0 3000
0 3000
0 3000
0 3000
0 3000
0 3000
0 3000
0 3000
0 3000
0 3000
0 3000
0 3000
0 3000
0 3000
0 3000
0 3000
0 3000
0 3000
0 3000
0 3000
0 3000
0 3000
0 3000
0 3000
0 3000
0 3000
0 3000
0 3000
0 3000
0 3000
0 3000
0 3000
0 3000
0 3000
0 3000
0 3000
0 3000
0 3000
0 3000
0 3000
0 3000
0 3000
0 3000
0 3000
0 3000
0 3000
0 3000
0 3000
0 3000
0 3000
0 3000
0 3000
0 3000
0 3000
0 3000
0 3000
0 3000
0 3000
0 3000
cob=/work/git/isaac-toolkit/examples/standalone/coremark/sess/elf/coremark.elf
cfi=src/core_list_join.c
cfn=core_bench_list
calls=100 0x1055c
0 1446578416

fn=_fflush_r
0 15
0 15
0 15
0 15
0 15
0 15
0 15
0 15
0 15
0 15
0 15
0 15
0 15
0 15

fn=__swsetup_r
0 1
0 1
0 1
0 1
0 1
0 1
0 1
0 1
0 1
0 1
0 1
0 1
0 1
0 1
0 1
0 1
0 1
0 1
0 1
0 1
0 1
0 1
0 1
0 1
0 1
0 1
0 1
cob=/work/git/isaac-toolkit/examples/standalone/coremark/sess/elf/coremark.elf
cfi=???
cfn=None
calls=1 0x80001e30
0 29086766
0 1
0 1
0 1
0 1
0 1
0 1
0 1
0 1
0 1

fn=_sbrk_r
0 2
0 2
0 2
0 2
0 2
0 2
0 2
0 2
cob=/work/git/isaac-toolkit/examples/standalone/coremark/sess/elf/coremark.elf
cfi=???
cfn=_sbrk
calls=2 0x1fd04
0 58150691
0 2
0 2
0 2
0 2
0 2
0 2
0 2

fn=_close_r
0 3
0 3
0 3
0 3
0 3
0 3
0 3
0 3
cob=/work/git/isaac-toolkit/examples/standalone/coremark/sess/elf/coremark.elf
cfi=???
cfn=_close
calls=3 0x1fb3c
0 15
0 3
0 3
0 3
0 3
0 3
0 3
0 3

fn=__smakebuf_r
0 1
0 1
0 1
0 1
0 1
0 1
0 1
0 1
0 1
0 1
0 1
0 1
0 1
0 1
cob=/work/git/isaac-toolkit/examples/standalone/coremark/sess/elf/coremark.elf
cfi=???
cfn=_fstat_r
calls=1 0x1da24
0 29083182
0 1
0 1
0 1
0 1
0 1
cob=/work/git/isaac-toolkit/examples/standalone/coremark/sess/elf/coremark.elf
cfi=???
cfn=_malloc_r
calls=1 0x149a0
0 29075609
0 1
0 1
0 1
0 1
0 1
0 1
0 1
0 1
0 1
0 1
0 1
0 1
0 1
0 1
0 1
cob=/work/git/isaac-toolkit/examples/standalone/coremark/sess/elf/coremark.elf
cfi=???
cfn=_isatty_r
calls=1 0x1da88
0 29072670
0 1
0 1
0 1
0 1
0 1
0 1
0 1
0 1
0 1
0 1
0 1
0 1
0 1
0 1
0 1

ob=/work/git/isaac-toolkit/examples/standalone/coremark/sess/elf/coremark.elf
fl=src/core_matrix.c
fn=matrix_test
131 400
131 400
131 400
133 400
133 400
135 400
135 400
135 400
135 400
135 400
135 400
135 400
135 400
292 400
292 400
292 400
292 400
292 400
292 400
292 400
292 400
292 400
292 400
292 400
288 400
292 400
288 400
290 3600
131 3600
292 32400
290 32400
292 32400
292 32400
290 32400
288 3600
288 3600
288 3600
288 3200
288 3200
276 400
272 400
274 3600
274 3600
288 3600
288 3600
276 32400
274 32400
274 32400
276 32400
276 32400
274 32400
272 3600
272 3600
272 3600
272 3600
272 3200
272 3200
243 400
243 400
249 400
243 400
240 400
240 400
241 400
243 400
245 3600
243 3600
243 3600
251 32400
251 32400
247 32400
251 32400
251 32400
256 32400
251 32400
248 32400
251 32400
252 32400
249 32400
245 32400
252 32400
258 32400
243 3600
243 3600
243 3600
243 3200
243 3200
261 400
261 400
cob=/work/git/isaac-toolkit/examples/standalone/coremark/sess/elf/coremark.elf
cfi=???
cfn=crc16
calls=400 0x1366c
261 5847266015
261 400
144 400
140 400
140 400
309 3600
309 3600
140 3600
140 3600
311 32400
311 32400
309 32400
309 32400
311 32400
311 32400
309 32400
309 3600
306 3600
306 3600
306 3600
306 400
240 400
240 400
241 400
243 400
245 3600
245 3600
245 3600
245 3600
256 32400
245 32400
256 32400
258 32400
258 32400
251 32400
251 32400
247 32400
251 32400
251 32400
256 32400
251 32400
248 32400
251 32400
252 32400
249 32400
243 3600
243 3600
243 3600
145 400
cob=/work/git/isaac-toolkit/examples/standalone/coremark/sess/elf/coremark.elf
cfi=???
cfn=crc16
calls=400 0x1366c
145 5846409215
145 400
324 400
324 400
325 400
327 3600
327 3600
327 3600
327 32400
327 32400
327 32400
330 32400
332 291600
332 291600
330 291600
330 291600
332 291600
330 291600
332 291600
330 291600
330 32400
327 32400
327 32400
327 32400
327 32400
325 3600
325 3600
325 3600
325 3600
325 400
240 400
240 400
241 400
243 400
245 3600
245 3600
245 3600
245 3600
256 30800
245 30800
256 30800
258 30800
258 30800
251 32400
251 32400
247 32400
251 32400
251 32400
256 32400
251 32400
248 32400
251 32400
252 32400
249 32400
245 1600
252 1600
258 1600
258 1600
243 3600
243 3600
243 3600
150 400
cob=/work/git/isaac-toolkit/examples/standalone/coremark/sess/elf/coremark.elf
cfi=???
cfn=crc16
calls=400 0x1366c
150 5843161615
150 400
346 400
346 400
347 400
349 3600
349 3600
349 3600
351 32400
351 32400
351 32400
352 32400
354 291600
354 291600
352 291600
352 291600
354 291600
355 291600
355 291600
355 291600
355 291600
355 291600
355 291600
355 291600
352 291600
352 32400
349 32400
349 32400
349 32400
349 32400
347 3600
347 3600
347 3600
347 3600
347 400
240 400
240 400
241 400
243 400
245 3600
245 3600
245 3600
245 3600
251 32400
251 32400
247 32400
251 32400
251 32400
256 32400
251 32400
248 32400
251 32400
252 32400
249 32400
245 32400
252 32400
258 32400
258 32400
243 3600
243 3600
243 3600
155 400
cob=/work/git/isaac-toolkit/examples/standalone/coremark/sess/elf/coremark.elf
cfi=???
cfn=crc16
calls=400 0x1366c
155 5838488815
160 400
288 400
290 3600
290 3600
290 3600
292 32400
290 32400
290 32400
292 32400
292 32400
290 32400
288 3600
288 3600
288 3600
161 400
162 400
162 400
162 400
162 400
162 400
162 400
162 400
162 400
162 400
162 400
162 400
162 400
162 400

fn=core_bench_matrix
97 400
97 400
100 400
93 400
93 400
100 400
100 400
100 400
93 400
100 400
cob=/work/git/isaac-toolkit/examples/standalone/coremark/sess/elf/coremark.elf
cfi=src/core_matrix.c
cfn=matrix_test
calls=400 0x11d44
100 5848179215
100 400
103 400
103 400
103 400
100 400

fn=core_init_matrix
182 1
182 1
182 1
182 1
183 1
190 1
191 1
191 1
191 1
191 1
191 1
193 10
193 10
191 10
191 10
191 10
198 1
198 1
198 1
200 1
200 1
218 1
218 1
218 1
198 1
200 1
186 1
186 1
202 9
198 9
204 81
204 81
204 81
210 81
211 81
202 81
204 81
204 81
204 81
204 81
204 81
204 81
205 81
205 81
205 81
207 81
207 81
209 81
209 81
211 81
200 9
200 9
200 9
200 9
200 9
200 1
217 1
217 1
215 1
217 1
224 1
217 1
218 1
217 1
216 1
217 1
217 1
217 1

ob=/work/git/isaac-toolkit/examples/standalone/coremark/sess/elf/coremark.elf
fl=src/core_util.c
fn=get_seed_32
44 5
44 5
44 5
44 5
44 5
44 5
44 5
44 5
60 1
61 1
48 1
49 1
cob=/work/git/isaac-toolkit/examples/standalone/coremark/sess/elf/coremark.elf
cfi=src/core_util.c
cfn=get_seed_32
calls=1 0x12e00
49 29061146
51 1
52 1
cob=/work/git/isaac-toolkit/examples/standalone/coremark/sess/elf/coremark.elf
cfi=src/core_util.c
cfn=get_seed_32
calls=1 0x12e00
52 29061136
54 1
55 1
cob=/work/git/isaac-toolkit/examples/standalone/coremark/sess/elf/coremark.elf
cfi=src/core_util.c
cfn=get_seed_32
calls=1 0x12e00
55 29061126
57 1
58 1
cob=/work/git/isaac-toolkit/examples/standalone/coremark/sess/elf/coremark.elf
cfi=src/core_util.c
cfn=get_seed_32
calls=1 0x12e00
58 29061116

fn=check_data_types
217 1
217 1
cob=/work/git/isaac-toolkit/examples/standalone/coremark/sess/elf/coremark.elf
cfi=???
cfn=printf
calls=1 0x13d2c
217 9369

fn=crcu32
198 6400
171 6400
170 6400
173 6400
173 6400
173 6400
173 6400
173 6400
173 6400
173 6400
173 6400
170 6400
170 6400
170 6400
173 6400
173 6400
173 6400
173 6400
173 6400
171 6400
173 6400
170 6400
170 6400
173 6400
173 6400
173 6400
173 6400
173 6400
171 6400
173 6400
170 6400
170 6400
173 6400
173 6400
173 6400
173 6400
173 6400
171 6400
173 6400
170 6400
170 6400
173 6400
173 6400
173 6400
173 6400
173 6400
171 6400
173 6400
170 6400
170 6400
173 6400
173 6400
173 6400
173 6400
173 6400
171 6400
173 6400
170 6400
170 6400
173 6400
173 6400
173 6400
173 6400
173 6400
173 6400
170 6400
170 6400
170 6400
173 6400
173 6400
173 6400
192 6400
173 6400
192 6400
173 6400
192 6400
173 6400
171 6400
170 6400
173 6400
173 6400
173 6400
173 6400
173 6400
171 6400
173 6400
170 6400
170 6400
173 6400
173 6400
173 6400
173 6400
173 6400
171 6400
173 6400
170 6400
170 6400
173 6400
173 6400
173 6400
173 6400
173 6400
171 6400
173 6400
170 6400
170 6400
173 6400
173 6400
173 6400
173 6400
173 6400
171 6400
173 6400
170 6400
170 6400
173 6400
173 6400
173 6400
173 6400
173 6400
171 6400
173 6400
170 6400
170 6400
173 6400
173 6400
173 6400
173 6400
173 6400
171 6400
173 6400
170 6400
170 6400
173 6400
173 6400
173 6400
173 6400
173 6400
171 6400
170 6400
170 6400
170 6400
173 6400
173 6400
173 6400
173 6400
199 6400
170 6400
191 6400
197 6400
173 6400
193 6400
171 6400
171 6400
171 6400
171 6400
171 6400
171 6400
171 6400
170 6400
170 6400
173 6400
173 6400
173 6400
173 6400
173 6400
173 6400
170 6400
170 6400
173 6400
173 6400
173 6400
173 6400
173 6400
173 6400
170 6400
170 6400
173 6400
173 6400
173 6400
173 6400
173 6400
173 6400
170 6400
170 6400
173 6400
173 6400
173 6400
173 6400
173 6400
173 6400
170 6400
170 6400
173 6400
173 6400
173 6400
173 6400
173 6400
173 6400
170 6400
170 6400
173 6400
173 6400
173 6400
173 6400
173 6400
173 6400
170 6400
170 6400
173 6400
173 6400
173 6400
173 6400
173 6400
173 6400
170 6400
170 6400
173 6400
173 6400
173 6400
173 6400
173 6400
192 6400
173 6400
170 6400
170 6400
173 6400
173 6400
173 6400
173 6400
173 6400
173 6400
171 6400
171 6400
171 6400
171 6400
171 6400
171 6400
171 6400
170 6400
170 6400
173 6400
173 6400
173 6400
173 6400
173 6400
173 6400
170 6400
170 6400
173 6400
173 6400
173 6400
173 6400
173 6400
173 6400
170 6400
170 6400
173 6400
173 6400
173 6400
173 6400
173 6400
173 6400
170 6400
170 6400
173 6400
173 6400
173 6400
173 6400
173 6400
173 6400
170 6400
170 6400
173 6400
173 6400
173 6400
173 6400
173 6400
173 6400
170 6400
170 6400
173 6400
173 6400
173 6400
173 6400
173 6400
173 6400
193 6400
170 6400
173 6400
201 6400
173 6400
173 6400
173 6400
201 6400
201 6400
201 6400
201 6400
cob=/work/git/isaac-toolkit/examples/standalone/coremark/sess/elf/coremark.elf
cfi=src/core_util.c
cfn=crcu32
calls=3200 0x131c4
201 46527399848

ob=/work/git/isaac-toolkit/examples/standalone/coremark/sess/elf/coremark.elf
fl=src/core_portme.c
fn=portable_init
68 1

fn=stop_time
86 1
95 1
96 1
97 1
99 1
99 1
120 1
cob=/work/git/isaac-toolkit/examples/standalone/coremark/sess/elf/coremark.elf
cfi=src/core_main.c
cfn=coremark_deinit
calls=1 0x11748
120 81964

fn=portable_fini
73 1
cob=/work/git/isaac-toolkit/examples/standalone/coremark/sess/elf/coremark.elf
cfi=src/core_main.c
cfn=coremark_check
calls=1 0x11d24
73 54

fn=get_time
124 1
124 1
126 1
126 1
cob=/work/git/isaac-toolkit/examples/standalone/coremark/sess/elf/coremark.elf
cfi=???
cfn=crc16
calls=1 0x1366c
126 81949

fn=start_time
86 1
95 1
96 1
97 1
99 1
99 1
114 1

fn=time_in_secs
132 4
cob=/work/git/isaac-toolkit/examples/standalone/coremark/sess/elf/coremark.elf
cfi=???
cfn=printf
calls=2 0x13d2c
132 1974

ob=/work/git/isaac-toolkit/examples/standalone/coremark/sess/elf/coremark.elf
fl=src/core_state.c
fn=core_bench_state
53 400
53 400
53 400
53 400
53 400
53 400
53 400
53 400
53 400
53 400
53 400
52 400
66 400
63 400
63 400
63 400
63 400
55 400
63 400
63 400
63 400
63 400
63 400
63 400
63 400
63 400
63 400
63 400
63 400
63 400
63 400
63 400
66 400
66 400
66 400
66 400
66 400
66 400
66 400
68 51200
68 51200
68 51200
cob=/work/git/isaac-toolkit/examples/standalone/coremark/sess/elf/coremark.elf
cfi=src/core_state.c
cfn=core_state_transition
calls=51200 0x128f8
68 745227566768
69 51200
69 51200
66 51200
69 51200
66 51200
69 51200
69 51200
66 51200
77 400
78 400
78 400
78 400
78 400
80 400
80 400
88 51200
88 51200
88 51200
cob=/work/git/isaac-toolkit/examples/standalone/coremark/sess/elf/coremark.elf
cfi=src/core_state.c
cfn=core_state_transition
calls=51200 0x128f8
88 744782280368
89 51200
89 51200
86 51200
89 51200
86 51200
89 51200
89 51200
86 51200
97 400
98 400
98 400
98 400
105 400
107 3200
107 3200
105 3200
107 3200
cob=/work/git/isaac-toolkit/examples/standalone/coremark/sess/elf/coremark.elf
cfi=src/core_util.c
cfn=crcu32
calls=3200 0x131c4
107 46528353448
107 3200
108 3200
105 3200
108 3200
108 3200
105 3200
111 400
111 400
111 400
111 400
111 400
111 400
111 400
111 400
111 400
111 400
111 400
111 400
80 5000
81 5000
80 5000
81 4600
78 5000
78 5000
84 400
84 400
84 400
100 400
100 5000
101 5000
100 5000
101 4600
98 5000
98 5000
98 400

fn=core_state_transition
219 102400
221 102400
222 102400
222 102400
225 102400
225 102400
225 102400
230 93600
230 93600
230 86400
230 43200
230 43200
230 43200
247 11200
250 11200
222 11200
248 11200
250 11200
248 11200
250 11200
247 11200
328 85600
330 85600
250 43200
222 43200
250 43200
250 43200
251 43200
222 43200
225 43200
200 43200
201 43200
201 43200
201 43200
261 43200
201 43200
258 9600
266 4800
222 4800
301 4800
328 4800
330 4800
256 33600
222 130400
222 130400
222 130400
225 130400
225 162400
270 131200
270 131200
200 104000
201 104000
201 104000
201 104000
277 7200
301 7200
222 7200
278 7200
278 7200
328 7200
330 7200
272 27200
272 27200
272 27200
222 158400
222 158400
222 158400
225 158400
225 165600
282 148000
282 148000
282 148000
200 128800
201 128800
201 128800
201 128800
290 2400
301 2400
222 2400
290 2400
290 2400
328 2400
330 2400
284 19200
222 19200
285 19200
285 19200
222 19200
222 19200
225 19200
225 19200
294 19200
294 19200
294 19200
297 19200
297 19200
294 19200
302 2400
301 2400
328 2400
330 2400
296 16800
222 16800
222 16800
225 16800
200 16800
201 16800
201 16800
314 16800
201 16800
309 16800
201 16800
313 1600
301 1600
301 1600
318 18400
222 18400
222 18400
201 18400
201 18400
201 18400
222 18400
225 18400
201 5600
321 2400
301 2400
222 2400
321 2400
321 2400
222 2400
222 17600
260 17600
227 26400
228 26400
228 43200
228 43200
228 43200
228 43200
250 32000
222 32000
250 32000
250 32000
251 32000
222 32000
250 7200
222 7200
250 7200
250 7200
251 7200
222 7200
261 4800
261 4800
222 31200
225 31200
227 31200
228 31200
308 12800
227 12800
228 12800

fn=core_init_state
148 1
150 1
150 1
150 1
150 1
150 1
150 1
152 1
160 1
160 1
141 1
141 1
179 1
160 1
156 1
165 1
160 1
160 78
160 56
160 56
160 56
160 56
170 22
170 22
170 22
170 22
150 55
150 55
150 55
150 55
150 55
152 55
152 55
152 55
152 55
152 55
152 55
152 55
152 55
155 11
155 11
155 11
154 11
155 11
156 88
156 88
157 88
165 88
157 88
159 88
160 88
179 11
179 11
179 11
179 11
181 11
150 34
150 34
187 1
189 1
189 1
189 1
165 33
165 33
165 33
165 33
165 33
165 33
150 33
155 33
155 33
150 33
155 33
150 33
155 33
166 33
155 77
155 77
154 77
155 77
154 77
155 77
154 77
155 77
154 77
155 44
155 44
155 44
154 44
155 44
154 44
155 44
154 44
155 44
154 44
154 44
175 22
175 22
175 22
175 22
176 22
176 44
155 44
155 44
155 44
155 44
154 44
189 1
195 1
195 1
195 1
189 1
195 33
195 33

ob=/work/git/isaac-toolkit/examples/standalone/coremark/sess/elf/coremark.elf
fl=src/main.c
fn=main
9 1
8 1
9 1
8 1
9 1
cob=/work/git/isaac-toolkit/examples/standalone/coremark/sess/elf/coremark.elf
cfi=???
cfn=None
calls=1 0x80001e30
9 29104758
11 1
12 1
13 1
14 1
16 1
16 1
16 1
16 1

ob=/work/git/isaac-toolkit/examples/standalone/coremark/sess/elf/coremark.elf
fl=src/core_list_join.c
fn=cmp_complex
123 11111
123 11111
72 11111
122 11111
122 11111
76 11111
122 11111
122 11111
122 11111
77 11111
122 11111
122 11111
74 11111
77 11111
84 1500
82 1500
82 1500
82 1500
81 1500
82 1500
82 1500
85 1500
86 1500
86 1300
86 1300
101 200
101 200
101 200
101 200
cob=/work/git/isaac-toolkit/examples/standalone/coremark/sess/elf/coremark.elf
cfi=src/core_matrix.c
cfn=core_bench_matrix
calls=200 0x12238
101 2930029644
102 200
101 200
101 200
102 200
103 1
103 1
109 1500
110 1500
111 1500
109 1500
cob=/work/git/isaac-toolkit/examples/standalone/coremark/sess/elf/coremark.elf
cfi=???
cfn=crcu16
calls=1500 0x12f78
109 21896083257
111 1500
111 1500
109 1500
111 1500
72 11111
76 11111
77 11111
78 11111
77 11111
84 1300
82 1300
82 1300
82 1300
81 1300
82 1300
85 1300
86 1300
86 1100
86 1100
101 200
101 200
101 200
101 200
cob=/work/git/isaac-toolkit/examples/standalone/coremark/sess/elf/coremark.elf
cfi=src/core_matrix.c
cfn=core_bench_matrix
calls=200 0x12238
101 2918153571
102 200
101 200
101 200
102 200
109 1300
110 1300
111 1300
109 1300
cob=/work/git/isaac-toolkit/examples/standalone/coremark/sess/elf/coremark.elf
cfi=???
cfn=crcu16
calls=1300 0x12f78
109 18984872886
111 1300
111 1300
109 1300
111 1300
125 11111
125 11111
125 11111
125 11111
125 11111
125 11111
125 11111
125 11111
125 11111
109 1100
109 1100
106 1100
106 1100
109 900
109 900
106 900
106 900
89 200
89 200
90 200
91 200
91 200
91 200
91 200
91 200
cob=/work/git/isaac-toolkit/examples/standalone/coremark/sess/elf/coremark.elf
cfi=src/core_state.c
cfn=core_bench_state
calls=200 0x12be0
91 2915498587
97 200
91 200
91 200
97 200
98 1
98 400
98 400
89 200
89 200
91 200
91 200
91 200
91 200
91 200
cob=/work/git/isaac-toolkit/examples/standalone/coremark/sess/elf/coremark.elf
cfi=src/core_state.c
cfn=core_bench_state
calls=200 0x12be0
91 2908359194
97 200
91 200
91 200
97 200
98 399
98 399

fn=core_bench_list
164 200
160 200
160 200
160 200
160 200
160 200
160 200
160 200
160 200
160 200
160 200
160 200
160 200
160 200
160 200
163 200
165 200
165 200
165 200
173 200
176 200
439 100
439 100
439 100
439 100
439 100
439 100
439 10200
439 10200
440 288700
439 288700
439 289500
439 289500
439 289500
468 20400
468 20400
468 591600
470 612000
471 612000
472 612000
472 612000
178 20400
186 2100
186 2100
186 2100
186 2100
187 1200
187 1200
187 1200
187 1200
187 1200
189 2100
189 2100
192 2100
192 2100
193 2100
193 2100
194 2100
185 2100
185 2100
185 2100
197 20400
173 20400
173 20400
197 20400
198 10200
198 10200
198 10200
198 10200
173 10200
173 10200
175 10100
176 10100
437 10100
437 10100
437 10100
445 279100
445 279100
445 279100
446 277800
445 277800
445 8900
445 8900
173 10200
173 10200
173 10200
175 10100
176 10100
176 10100
176 9400
176 9400
180 18300
180 18300
180 18300
181 18300
180 18300
181 18300
181 18300
181 18300
181 18300
181 18300
181 18300
173 100
203 200
203 200
203 200
203 200
203 200
205 200
207 200
379 200
380 200
382 200
383 200
386 200
383 200
384 200
386 200
387 200
437 200
439 100
439 100
439 100
440 2900
439 2900
439 2800
439 2800
439 2800
215 5400
215 5400
215 5400
215 5400
cob=/work/git/isaac-toolkit/examples/standalone/coremark/sess/elf/coremark.elf
cfi=???
cfn=crc16
calls=5400 0x1366c
215 78052225509
216 5400
215 5400
213 5400
221 200
412 200
412 200
416 200
505 200
413 200
414 200
416 200
417 200
503 200
515 200
510 1000
511 1000
513 1000
517 6000
520 6000
520 6000
521 21600
523 15800
523 15800
525 15800
574 6000
574 6000
574 6000
574 6000
533 6000
544 23312
544 21728
556 13627
557 13627
556 13627
568 13627
570 20728
574 20728
533 21728
533 4416
533 4416
537 4016
551 20828
551 20828
136 20828
141 20828
141 20828
138 20828
138 20828
138 20828
138 20828
138 20828
138 20828
139 20828
139 20828
139 20828
139 20828
139 20828
139 20828
139 20828
141 20828
562 8101
564 8101
563 8101
568 8101
574 1000
574 1000
574 1000
446 2900
445 2900
445 2900
445 2900
445 2900
548 1584
549 1584
568 1584
570 2173
533 2173
544 589
544 589
548 589
549 589
568 589
515 1584
515 200
583 1000
586 1000
590 800
590 800
515 800
533 2483
533 2483
533 2083
541 6099
542 6099
568 6099
570 6099
533 6099
533 3616
533 3616
515 3616
515 100
225 200
226 200
228 5800
228 5800
228 5800
228 5800
cob=/work/git/isaac-toolkit/examples/standalone/coremark/sess/elf/coremark.elf
cfi=???
cfn=crc16
calls=5800 0x1366c
228 83785939628
229 5800
228 5800
229 5800
235 200
235 200
235 200
235 200
235 200
235 200
235 200
235 200
235 200
235 200
235 200
235 200
235 200
235 200
235 200
235 200
cob=/work/git/isaac-toolkit/examples/standalone/coremark/sess/elf/coremark.elf
cfi=???
cfn=crcu16
calls=200 0x12f78
235 2888708932
212 200
213 200
215 200
215 200
215 200
215 200
cob=/work/git/isaac-toolkit/examples/standalone/coremark/sess/elf/coremark.elf
cfi=???
cfn=crc16
calls=200 0x1366c
215 2891251567
216 200
215 200
213 200
505 100
515 500
510 500
511 500
513 500
517 3000
520 3000
520 3000
521 10800
523 7900
523 7900
525 7900
574 3000
574 3000
574 3000
574 3000
533 3000
544 12787
544 11311
556 6225
557 6225
556 6225
568 6225
570 10811
574 10811
533 11311
533 1524
533 1524
537 1424
551 11111
551 11111
551 11111
551 11111
cob=/work/git/isaac-toolkit/examples/standalone/coremark/sess/elf/coremark.elf
cfi=src/core_list_join.c
cfn=cmp_complex
calls=11111 0x10300
551 161259420642
551 11111
562 5086
564 5086
563 5086
568 5086
574 500
574 500
574 500
548 1476
549 1476
568 1476
570 1675
533 1675
544 199
544 199
548 199
549 199
568 199
515 1476
515 100
583 500
586 500
586 500
590 400
507 400
507 400
533 890
533 890
533 590
541 2014
542 2014
568 2014
570 2014
533 2014
533 1124
533 1124
515 1124
515 100
206 100
206 100
445 100
445 100
445 100
445 100
445 100
445 100
445 100
445 100
445 100

fn=core_list_init
255 1
255 1
255 1
270 1
267 1
270 1
345 1
252 1
271 1
255 1
255 1
258 1
258 1
260 1
270 1
260 1
269 1
260 1
262 1
343 1
345 1
347 1
347 1
352 1
355 1
352 1
147 1
147 1
359 1
148 1
356 1
351 1
147 1
279 1
298 1
148 1
345 1
298 1
148 1
298 1
343 1
347 28
347 28
347 28
347 28
352 28
283 28
283 28
283 28
352 28
282 28
353 28
355 28
355 28
147 28
148 28
279 28
147 28
279 28
279 28
279 28
343 28
343 28
345 28
290 1
292 1
294 1
294 1
294 1
300 1
300 1
294 1
294 1
294 1
294 1
295 5
292 5
295 5
292 5
292 5
292 5
292 5
294 27
292 27
295 28
294 28
298 23
300 23
301 23
292 23
300 23
292 23
292 23
295 23
292 23
292 23
292 23
515 1
586 1
510 1
511 1
513 1
517 30
520 30
520 30
521 108
523 79
523 79
525 79
574 30
533 30
544 110
544 107
556 76
557 76
556 76
568 76
570 102
574 102
533 107
533 27
533 27
537 26
551 105
551 105
136 105
141 105
141 105
138 105
138 105
138 105
138 105
138 105
138 105
139 105
139 105
139 105
139 105
139 105
139 105
139 105
141 105
562 31
564 31
563 31
568 31
574 5
574 5
574 5
548 3
549 3
568 3
570 3
533 3
515 26
515 26
513 29
513 29
513 29
533 17
533 17
533 14
541 40
542 40
568 40
570 40
533 40
533 23
533 23
533 23
583 5
586 5
590 4
515 4
509 4
511 4
510 4
513 4
513 4
319 1

